目录1：
read dir1:D:\多通道对齐-赵蕾-20170222\0216_808\Speaker0109
Cread dir1:D:\多通道对齐-赵蕾-20170222\0216_808_out\Speaker0109
	Cread dir2:D:\多通道对齐-赵蕾-20170222\0216_808_out\Speaker0109\2m
		Cread dir3:D:\多通道对齐-赵蕾-20170222\0216_808_out\Speaker0109\2m\DUMP.wav
	Cread dir2:D:\多通道对齐-赵蕾-20170222\0216_808_out\Speaker0109\3m
		Cread dir3:D:\多通道对齐-赵蕾-20170222\0216_808_out\Speaker0109\3m\DUMP.wav
	Cread dir2:D:\多通道对齐-赵蕾-20170222\0216_808_out\Speaker0109\4m
		Cread dir3:D:\多通道对齐-赵蕾-20170222\0216_808_out\Speaker0109\4m\DUMP.wav
	Cread dir2:D:\多通道对齐-赵蕾-20170222\0216_808_out\Speaker0109\5m
		Cread dir3:D:\多通道对齐-赵蕾-20170222\0216_808_out\Speaker0109\5m\DUMP.wav
	Cread dir2:D:\多通道对齐-赵蕾-20170222\0216_808_out\Speaker0109\手机
		Cread dir3:D:\多通道对齐-赵蕾-20170222\0216_808_out\Speaker0109\手机\EN-US_U0109_S0.txt.wav
main wav is: D:\多通道对齐-赵蕾-20170222\0216_808\Speaker0109\手机\EN-US_U0109_S0.txt\EN-US_U0109_S0.txt.wav
main seg is: D:\多通道对齐-赵蕾-20170222\0216_808\Speaker0109\手机\EN-US_U0109_S0.txt\EN-US_U0109_S0.txt.seg
file1:D:\多通道对齐-赵蕾-20170222\0216_808\Speaker0109\手机\EN-US_U0109_S0.txt\EN-US_U0109_S0.txt.wav	file2:D:\多通道对齐-赵蕾-20170222\0216_808\Speaker0109\2m\DUMP.wav
a=0.999728158721326	b=10.2600000000011
D:\多通道对齐-赵蕾-20170222\0216_808\Speaker0109\手机\EN-US_U0109_S0.txt\EN-US_U0109_S0.txt.seg seg info:
file1:D:\多通道对齐-赵蕾-20170222\0216_808\Speaker0109\手机\EN-US_U0109_S0.txt\EN-US_U0109_S0.txt.wav	file2:D:\多通道对齐-赵蕾-20170222\0216_808\Speaker0109\3m\DUMP.wav
a=1	b=10.3199999999986
D:\多通道对齐-赵蕾-20170222\0216_808\Speaker0109\手机\EN-US_U0109_S0.txt\EN-US_U0109_S0.txt.seg seg info:
file1:D:\多通道对齐-赵蕾-20170222\0216_808\Speaker0109\手机\EN-US_U0109_S0.txt\EN-US_U0109_S0.txt.wav	file2:D:\多通道对齐-赵蕾-20170222\0216_808\Speaker0109\4m\DUMP.wav
a=0.999728158721326	b=12.600000000001
D:\多通道对齐-赵蕾-20170222\0216_808\Speaker0109\手机\EN-US_U0109_S0.txt\EN-US_U0109_S0.txt.seg seg info:
file1:D:\多通道对齐-赵蕾-20170222\0216_808\Speaker0109\手机\EN-US_U0109_S0.txt\EN-US_U0109_S0.txt.wav	file2:D:\多通道对齐-赵蕾-20170222\0216_808\Speaker0109\5m\DUMP.wav
a=1	b=14
D:\多通道对齐-赵蕾-20170222\0216_808\Speaker0109\手机\EN-US_U0109_S0.txt\EN-US_U0109_S0.txt.seg seg info:
file1:D:\多通道对齐-赵蕾-20170222\0216_808\Speaker0109\手机\EN-US_U0109_S0.txt\EN-US_U0109_S0.txt.wav	file2:D:\多通道对齐-赵蕾-20170222\0216_808\Speaker0109\手机\EN-US_U0109_S0.txt\EN-US_U0109_S0.txt.wav
a=1	b=0
D:\多通道对齐-赵蕾-20170222\0216_808\Speaker0109\手机\EN-US_U0109_S0.txt\EN-US_U0109_S0.txt.seg seg info:
read dir1:D:\多通道对齐-赵蕾-20170222\0216_808\Speaker0110
Cread dir1:D:\多通道对齐-赵蕾-20170222\0216_808_out\Speaker0110
	Cread dir2:D:\多通道对齐-赵蕾-20170222\0216_808_out\Speaker0110\2m
		Cread dir3:D:\多通道对齐-赵蕾-20170222\0216_808_out\Speaker0110\2m\DUMP.wav
	Cread dir2:D:\多通道对齐-赵蕾-20170222\0216_808_out\Speaker0110\3m
		Cread dir3:D:\多通道对齐-赵蕾-20170222\0216_808_out\Speaker0110\3m\DUMP.wav
	Cread dir2:D:\多通道对齐-赵蕾-20170222\0216_808_out\Speaker0110\4m
		Cread dir3:D:\多通道对齐-赵蕾-20170222\0216_808_out\Speaker0110\4m\DUMP.wav
	Cread dir2:D:\多通道对齐-赵蕾-20170222\0216_808_out\Speaker0110\5m
		Cread dir3:D:\多通道对齐-赵蕾-20170222\0216_808_out\Speaker0110\5m\DUMP.wav
	Cread dir2:D:\多通道对齐-赵蕾-20170222\0216_808_out\Speaker0110\手机
		Cread dir3:D:\多通道对齐-赵蕾-20170222\0216_808_out\Speaker0110\手机\EN-US_U0110_S0.txt.wav
main wav is: D:\多通道对齐-赵蕾-20170222\0216_808\Speaker0110\手机\EN-US_U0110_S0.txt\EN-US_U0110_S0.txt.wav
main seg is: D:\多通道对齐-赵蕾-20170222\0216_808\Speaker0110\手机\EN-US_U0110_S0.txt\EN-US_U0110_S0.txt.seg
file1:D:\多通道对齐-赵蕾-20170222\0216_808\Speaker0110\手机\EN-US_U0110_S0.txt\EN-US_U0110_S0.txt.wav	file2:D:\多通道对齐-赵蕾-20170222\0216_808\Speaker0110\2m\DUMP.wav
a=0.999038446266534	b=3.67999999999665
D:\多通道对齐-赵蕾-20170222\0216_808\Speaker0110\手机\EN-US_U0110_S0.txt\EN-US_U0110_S0.txt.seg seg info:
file1:D:\多通道对齐-赵蕾-20170222\0216_808\Speaker0110\手机\EN-US_U0110_S0.txt\EN-US_U0110_S0.txt.wav	file2:D:\多通道对齐-赵蕾-20170222\0216_808\Speaker0110\3m\DUMP.wav
a=1.00002289413651	b=5.81999999999925
D:\多通道对齐-赵蕾-20170222\0216_808\Speaker0110\手机\EN-US_U0110_S0.txt\EN-US_U0110_S0.txt.seg seg info:
file1:D:\多通道对齐-赵蕾-20170222\0216_808\Speaker0110\手机\EN-US_U0110_S0.txt\EN-US_U0110_S0.txt.wav	file2:D:\多通道对齐-赵蕾-20170222\0216_808\Speaker0110\4m\DUMP.wav
a=0.999931317590467	b=9.37999999999874
D:\多通道对齐-赵蕾-20170222\0216_808\Speaker0110\手机\EN-US_U0110_S0.txt\EN-US_U0110_S0.txt.seg seg info:
file1:D:\多通道对齐-赵蕾-20170222\0216_808\Speaker0110\手机\EN-US_U0110_S0.txt\EN-US_U0110_S0.txt.wav	file2:D:\多通道对齐-赵蕾-20170222\0216_808\Speaker0110\5m\DUMP.wav
a=0.999908423453957	b=12.1399999999981
D:\多通道对齐-赵蕾-20170222\0216_808\Speaker0110\手机\EN-US_U0110_S0.txt\EN-US_U0110_S0.txt.seg seg info:
file1:D:\多通道对齐-赵蕾-20170222\0216_808\Speaker0110\手机\EN-US_U0110_S0.txt\EN-US_U0110_S0.txt.wav	file2:D:\多通道对齐-赵蕾-20170222\0216_808\Speaker0110\手机\EN-US_U0110_S0.txt\EN-US_U0110_S0.txt.wav
a=1	b=0
D:\多通道对齐-赵蕾-20170222\0216_808\Speaker0110\手机\EN-US_U0110_S0.txt\EN-US_U0110_S0.txt.seg seg info:
completed!

