目录1：
read dir1:D:\多通道对齐-赵蕾-20170222\0216_808\Speaker0109
Cread dir1:D:\多通道对齐-赵蕾-20170222\0216_808_out\Speaker0109
	Cread dir2:D:\多通道对齐-赵蕾-20170222\0216_808_out\Speaker0109\2m
		Cread dir3:D:\多通道对齐-赵蕾-20170222\0216_808_out\Speaker0109\2m\DUMP.wav
	Cread dir2:D:\多通道对齐-赵蕾-20170222\0216_808_out\Speaker0109\3m
		Cread dir3:D:\多通道对齐-赵蕾-20170222\0216_808_out\Speaker0109\3m\DUMP.wav
	Cread dir2:D:\多通道对齐-赵蕾-20170222\0216_808_out\Speaker0109\4m
		Cread dir3:D:\多通道对齐-赵蕾-20170222\0216_808_out\Speaker0109\4m\DUMP.wav
	Cread dir2:D:\多通道对齐-赵蕾-20170222\0216_808_out\Speaker0109\5m
		Cread dir3:D:\多通道对齐-赵蕾-20170222\0216_808_out\Speaker0109\5m\DUMP.wav
	Cread dir2:D:\多通道对齐-赵蕾-20170222\0216_808_out\Speaker0109\手机
		Cread dir3:D:\多通道对齐-赵蕾-20170222\0216_808_out\Speaker0109\手机\EN-US_U0109_S0.txt.wav
main wav is: D:\多通道对齐-赵蕾-20170222\0216_808\Speaker0109\手机\EN-US_U0109_S0.txt\EN-US_U0109_S0.txt.wav
main seg is: D:\多通道对齐-赵蕾-20170222\0216_808\Speaker0109\手机\EN-US_U0109_S0.txt\EN-US_U0109_S0.txt.seg
file1:D:\多通道对齐-赵蕾-20170222\0216_808\Speaker0109\手机\EN-US_U0109_S0.txt\EN-US_U0109_S0.txt.wav	file2:D:\多通道对齐-赵蕾-20170222\0216_808\Speaker0109\2m\DUMP.wav
a=0.999841425920774	b=10.1599999999994
file1:D:\多通道对齐-赵蕾-20170222\0216_808\Speaker0109\手机\EN-US_U0109_S0.txt\EN-US_U0109_S0.txt.wav	file2:D:\多通道对齐-赵蕾-20170222\0216_808\Speaker0109\3m\DUMP.wav
a=1.00002265343989	b=10.2999999999995
file1:D:\多通道对齐-赵蕾-20170222\0216_808\Speaker0109\手机\EN-US_U0109_S0.txt\EN-US_U0109_S0.txt.wav	file2:D:\多通道对齐-赵蕾-20170222\0216_808\Speaker0109\4m\DUMP.wav
a=0.999750812161216	b=12.5800000000006
file1:D:\多通道对齐-赵蕾-20170222\0216_808\Speaker0109\手机\EN-US_U0109_S0.txt\EN-US_U0109_S0.txt.wav	file2:D:\多通道对齐-赵蕾-20170222\0216_808\Speaker0109\5m\DUMP.wav
a=1.00002265343989	b=13.9600000000012
file1:D:\多通道对齐-赵蕾-20170222\0216_808\Speaker0109\手机\EN-US_U0109_S0.txt\EN-US_U0109_S0.txt.wav	file2:D:\多通道对齐-赵蕾-20170222\0216_808\Speaker0109\手机\EN-US_U0109_S0.txt\EN-US_U0109_S0.txt.wav
a=1	b=0
read dir1:D:\多通道对齐-赵蕾-20170222\0216_808\Speaker0110
Cread dir1:D:\多通道对齐-赵蕾-20170222\0216_808_out\Speaker0110
	Cread dir2:D:\多通道对齐-赵蕾-20170222\0216_808_out\Speaker0110\2m
		Cread dir3:D:\多通道对齐-赵蕾-20170222\0216_808_out\Speaker0110\2m\DUMP.wav
	Cread dir2:D:\多通道对齐-赵蕾-20170222\0216_808_out\Speaker0110\3m
		Cread dir3:D:\多通道对齐-赵蕾-20170222\0216_808_out\Speaker0110\3m\DUMP.wav
	Cread dir2:D:\多通道对齐-赵蕾-20170222\0216_808_out\Speaker0110\4m
		Cread dir3:D:\多通道对齐-赵蕾-20170222\0216_808_out\Speaker0110\4m\DUMP.wav
	Cread dir2:D:\多通道对齐-赵蕾-20170222\0216_808_out\Speaker0110\5m
		Cread dir3:D:\多通道对齐-赵蕾-20170222\0216_808_out\Speaker0110\5m\DUMP.wav
	Cread dir2:D:\多通道对齐-赵蕾-20170222\0216_808_out\Speaker0110\手机
		Cread dir3:D:\多通道对齐-赵蕾-20170222\0216_808_out\Speaker0110\手机\EN-US_U0110_S0.txt.wav
main wav is: D:\多通道对齐-赵蕾-20170222\0216_808\Speaker0110\手机\EN-US_U0110_S0.txt\EN-US_U0110_S0.txt.wav
main seg is: D:\多通道对齐-赵蕾-20170222\0216_808\Speaker0110\手机\EN-US_U0110_S0.txt\EN-US_U0110_S0.txt.seg
file1:D:\多通道对齐-赵蕾-20170222\0216_808\Speaker0110\手机\EN-US_U0110_S0.txt\EN-US_U0110_S0.txt.wav	file2:D:\多通道对齐-赵蕾-20170222\0216_808\Speaker0110\2m\DUMP.wav
a=0.998878187310957	b=3.999999999995
file1:D:\多通道对齐-赵蕾-20170222\0216_808\Speaker0110\手机\EN-US_U0110_S0.txt\EN-US_U0110_S0.txt.wav	file2:D:\多通道对齐-赵蕾-20170222\0216_808\Speaker0110\3m\DUMP.wav
a=1.00002289413651	b=5.81999999999925
file1:D:\多通道对齐-赵蕾-20170222\0216_808\Speaker0110\手机\EN-US_U0110_S0.txt\EN-US_U0110_S0.txt.wav	file2:D:\多通道对齐-赵蕾-20170222\0216_808\Speaker0110\4m\DUMP.wav
a=0.999954211726979	b=9.35999999999808
file1:D:\多通道对齐-赵蕾-20170222\0216_808\Speaker0110\手机\EN-US_U0110_S0.txt\EN-US_U0110_S0.txt.wav	file2:D:\多通道对齐-赵蕾-20170222\0216_808\Speaker0110\5m\DUMP.wav
a=0.999908423453957	b=12.1399999999981
file1:D:\多通道对齐-赵蕾-20170222\0216_808\Speaker0110\手机\EN-US_U0110_S0.txt\EN-US_U0110_S0.txt.wav	file2:D:\多通道对齐-赵蕾-20170222\0216_808\Speaker0110\手机\EN-US_U0110_S0.txt\EN-US_U0110_S0.txt.wav
a=1	b=0
completed!

